<?xml version="1.0" encoding="UTF-8"?>
<!-- Generated by org.testng.reporters.JUnitReportReporter -->
<testsuite skipped="1" hostname="Parvez-Home" name="com.crm.qa.testcases.ContactsPageTest" tests="3" failures="0" timestamp="12 Mar 2018 13:07:15 GMT" time="49.563" errors="0">
  <testcase name="verifyContactsPageLabel" time="10.786" classname="com.crm.qa.testcases.ContactsPageTest"/>
  <testcase name="selectContactsTest" time="38.777" classname="com.crm.qa.testcases.ContactsPageTest"/>
  <testcase name="validateCreateNewContacts" classname="com.crm.qa.testcases.ContactsPageTest">
    <skipped/>
  </testcase> <!-- validateCreateNewContacts -->
</testsuite> <!-- com.crm.qa.testcases.ContactsPageTest -->
