<?xml version="1.0" encoding="UTF-8"?>
<!-- Generated by org.testng.reporters.JUnitReportReporter -->
<testsuite skipped="0" hostname="Parvez-Home" name="com.crm.qa.testcases.LoginPageTest" tests="3" failures="0" timestamp="12 Mar 2018 13:07:15 GMT" time="30.419" errors="0">
  <testcase name="loginPageTitleTest" time="7.833" classname="com.crm.qa.testcases.LoginPageTest"/>
  <testcase name="crmLogoTest" time="8.145" classname="com.crm.qa.testcases.LoginPageTest"/>
  <testcase name="loginTest" time="14.441" classname="com.crm.qa.testcases.LoginPageTest"/>
</testsuite> <!-- com.crm.qa.testcases.LoginPageTest -->
