<?xml version="1.0" encoding="UTF-8"?>
<!-- Generated by org.testng.reporters.JUnitReportReporter -->
<testsuite skipped="0" hostname="Parvez-Home" name="com.crm.qa.testcases.HomePageTest" tests="3" failures="0" timestamp="12 Mar 2018 13:07:15 GMT" time="35.204" errors="0">
  <testcase name="verifyHomePageTitle" time="9.762" classname="com.crm.qa.testcases.HomePageTest"/>
  <testcase name="userNameTest" time="13.810" classname="com.crm.qa.testcases.HomePageTest"/>
  <testcase name="contactsPageTest" time="11.632" classname="com.crm.qa.testcases.HomePageTest"/>
</testsuite> <!-- com.crm.qa.testcases.HomePageTest -->
